0 info it worked if it ends with ok
1 verbose cli [ '/usr/bin/node', '/usr/bin/npm', 'build', '.' ]
2 info using npm@1.3.11
3 info using node@v0.10.20
4 verbose node symlink /usr/bin/node
5 info build /home/tonykova/workspace/backend
6 error Error: ENOENT, open '/home/tonykova/workspace/backend/package.json'
7 error If you need help, you may report this log at:
7 error     <http://github.com/isaacs/npm/issues>
7 error or email it to:
7 error     <npm-@googlegroups.com>
8 error System Linux 3.8.0-31-generic
9 error command "/usr/bin/node" "/usr/bin/npm" "build" "."
10 error cwd /home/tonykova/workspace/backend
11 error node -v v0.10.20
12 error npm -v 1.3.11
13 error path /home/tonykova/workspace/backend/package.json
14 error code ENOENT
15 error errno 34
16 verbose exit [ 34, true ]
